Targeting 100 listings across ['roofers', 'painters', 'concreters', 'tilers']

[1/100] Parnwell Painting Ltd | Nelson’s Residential Painting Specialists (painters, Nelson)
  website: http://www.parnwellpainting.co.nz/
  email:   info@parnwellpainting.co.nz
  ✓ SENT → info@parnwellpainting.co.nz
[2/100] Auckland Roofing Solutions (roofers, Auckland)
  website: https://aucklandroofingsolutions.co.nz/
  email:   sales@aucklandroofingsolutions.co.nz
  ✓ SENT → sales@aucklandroofingsolutions.co.nz
[3/100] Nice Painting Company Ltd (painters, Auckland)
  website: https://possiblythenicest.netlify.app/
  email:   nicepaint@icloud.com
  ✓ SENT → nicepaint@icloud.com
[4/100] ADDO Painting - Painter and Decorator in Nelson/Tasman (painters, Nelson)
  website: http://schema.org/Place
  email:   not found
[5/100] KEMPT Painting & Decorating (painters, Auckland)
  website: https://www.kempt.co.nz/?utm_source=gbp&amp;utm_medium=organic&amp;utm_campaign=gbp-listing
  email:   miles@kempt.co.nz
  ✓ SENT → miles@kempt.co.nz
[6/100] Mount Roof Services (roofers, Tauranga)
  website: http://www.mountroofservices.co.nz/
  email:   sales@mrs.nz
  ✓ SENT → sales@mrs.nz
[7/100] Impact Roofing Solutions (roofers, Auckland)
  website: http://www.impactroofingsolutions.co.nz/
  email:   info@impactroofingsolutions.co.nz
  ✓ SENT → info@impactroofingsolutions.co.nz
[8/100] BK Painters Limited (painters, Palmerston North)
  website: http://www.bkpainters.co.nz/
  email:   bhim@bkpainters.co.nz
  ✓ SENT → bhim@bkpainters.co.nz
[9/100] LaserLine Tiling Christchurch (tilers, Christchurch)
  website: https://www.laserlinetiling.co.nz/
  email:   info@laserlinetiling.co.nz
  ✓ SENT → info@laserlinetiling.co.nz
[10/100] Re-Roofing Specialists(SI) Ltd (roofers, Christchurch)
  website: https://www.reroofingspecialist.co.nz/
  email:   office@reroofingspecialist.co.nz
  ✓ SENT → office@reroofingspecialist.co.nz
[11/100] Remarkable Finish - Queenstown painters and decorators (painters, Queenstown)
  website: https://www.remarkablefinish.co.nz/
  email:   not found
[12/100] Transform Roofing (roofers, New Plymouth)
  website: https://www.transformroofing.com/
  email:   office@transformroofing.com
  ✓ SENT → office@transformroofing.com
[13/100] Solution Roofing (roofers, Auckland)
  website: http://schema.org/Place
  email:   not found
[14/100] Roof Painting Palmerston North Pros (roofers, Palmerston North)
  website: https://roofpaintingpalmerstonnorth.weebly.com/
  email:   not found
[15/100] Picture Perfect Painting & Decorating (painters, Christchurch)
  website: https://pppainting.co.nz/
  email:   ben@pppainting.co.nz
  ✓ SENT → ben@pppainting.co.nz
[16/100] Auckland City Painters Ltd (painters, Auckland)
  website: http://schema.org/Place
  email:   not found
[17/100] Complete Concrete Cutting NZ (concreters, Tauranga)
  website: https://www.completeconcretecutting.co.nz/
  email:   completeconcretecuttingnz@gmail.com
  ✓ SENT → completeconcretecuttingnz@gmail.com
[18/100] Rotovegas Roofing Limited (roofers, Rotorua)
  website: https://www.rotovegasroofing.co.nz/
  email:   info@rotovegasroofing.co.nz
  ✓ SENT → info@rotovegasroofing.co.nz
[19/100] Roof Doctors (roofers, Dunedin)
  website: https://www.roofdoctors.co.nz/
  email:   info@roofdoctors.co.nz
  ✓ SENT → info@roofdoctors.co.nz
[20/100] ZR Decorating Services (painters, Wellington)
  website: https://www.zrdecorating.co.nz/
  email:   info@zrdecorating.co.nz
  ✓ SENT → info@zrdecorating.co.nz
[21/100] Paintvision Ltd (painters, Tauranga)
  website: http://www.paintvision.co.nz/
  email:   info@paintvision.co.nz
  ✓ SENT → info@paintvision.co.nz
[22/100] White Roofing (roofers, Auckland)
  website: http://schema.org/Place
  email:   not found
[23/100] Artisans Roofing (roofers, Tauranga)
  website: http://www.artisansroofing.co.nz/
  email:   sales@artisansroofing.co.nz
  ✓ SENT → sales@artisansroofing.co.nz
[24/100] Waterproof Roofs Ltd (roofers, Hamilton)
  website: https://www.waterproofroofs.co.nz/
  email:   not found
[25/100] Kings Roofing Wellington | Roof Replacement & Repairs (roofers, Wellington)
  website: http://www.kingsroofing.co.nz/
  email:   kingsroofingltd@gmail.com
  ✓ SENT → kingsroofingltd@gmail.com
[26/100] Cozy Tiling (tilers, Auckland)
  website: https://www.cozytiling.co.nz/
  email:   cozytiling.nz@gmail.com
  ✓ SENT → cozytiling.nz@gmail.com
[27/100] Capital Painting Services 2022 Ltd (painters, Porirua)
  website: http://www.capitalpaintingservices.co.nz/
  email:   info@capitalpaintingervices.co.nz
  ✓ SENT → info@capitalpaintingervices.co.nz
[28/100] Marco Tiling Limited (tilers, Auckland)
  website: http://schema.org/Place
  email:   not found
[29/100] Lungleys Concrete Cutting (2025) Ltd (concreters, Dunedin)
  website: https://lungleys.co.nz/
  email:   lungleys2025@gmail.com
  ✓ SENT → lungleys2025@gmail.com
[30/100] WE ROOF LTD (roofers, Auckland)
  website: https://www.weroof.co.nz/
  email:   sales@weroof.co.nz
  ✓ SENT → sales@weroof.co.nz
[31/100] Tom Harbour Decorators (painters, Lower Hutt)
  website: http://www.tomharbour.co.nz/
  email:   tom@tomharbour.co.nz
  ✓ SENT → tom@tomharbour.co.nz
[32/100] Hornet Roofing (roofers, Lower Hutt)
  website: https://www.hornetroofing.co.nz/
  email:   0800hornet@gmail.com
  ✓ SENT → 0800hornet@gmail.com
[33/100] Knockout Concrete Cutters (concreters, Christchurch)
  website: http://www.knockoutconcrete.co.nz/
  email:   info@knockoutconcrete.co.nz
  ✓ SENT → info@knockoutconcrete.co.nz
[34/100] Hayes Masonry (concreters, Wellington)
  website: https://www.hayesmasonrynz.co.nz/
  email:   hayesmasonrynz@gmail.com
  ✓ SENT → hayesmasonrynz@gmail.com
[35/100] AV Tiling Waikato (tilers, Hamilton)
  website: http://www.avtiling.com/
  email:   av.tiling.ltd@gmail.com
  ✓ SENT → av.tiling.ltd@gmail.com
[36/100] Wellington Roof Painting Ltd (roofers, Wellington)
  website: http://www.wellingtonroofpainting.co.nz/
  email:   wgtnroofpainting@gmail.com
  ✓ SENT → wgtnroofpainting@gmail.com
[37/100] Alan Bush Tiling Contractor (tilers, Tauranga)
  website: http://alanbushtiling.co.nz/
  email:   not found
[38/100] DK ROOFING (roofers, New Plymouth)
  website: http://www.dkroofing.co.nz/
  email:   hello@dkroofing.co.nz
  ✓ SENT → hello@dkroofing.co.nz
[39/100] Adco Roofing Tauranga (roofers, Tauranga)
  website: https://adcoroofing.co.nz/
  email:   info@adcoroofing.co.nz
  ✓ SENT → info@adcoroofing.co.nz
[40/100] Painting and Curtains (painters, Porirua)
  website: https://paintingandcurtains.co.nz/
  email:   paintingandcurtains@gmail.com
  ✓ SENT → paintingandcurtains@gmail.com
[41/100] Area Tech Concrete Driveways Christchurch Chch (concreters, Christchurch)
  website: http://schema.org/Place
  email:   not found
[42/100] Stallions Concrete Ltd (concreters, Christchurch)
  website: http://stallionsconcrete.co.nz/
  email:   not found
[43/100] Roof It | Wellington (roofers, Wellington)
  website: https://roofit.nz/
  email:   karl@roofit.nz
  ✓ SENT → karl@roofit.nz
[44/100] Chameleon Painting HB Ltd (painters, Napier)
  website: http://www.chameleonpaintinghb.co.nz/
  email:   not found
[45/100] Concrete Boss Ltd. (concreters, Christchurch)
  website: http://www.theconcreteboss.co.nz/
  email:   jamie@theconcreteboss.co.nz
  ✓ SENT → jamie@theconcreteboss.co.nz
[46/100] Freestyle Roofing Limited (roofers, New Plymouth)
  website: http://freestyleroofing.co.nz/
  email:   freestyleroofing@yahoo.com
  ✓ SENT → freestyleroofing@yahoo.com
[47/100] RMS Roofing and Waterproofing (roofers, Christchurch)
  website: https://www.rmsroofing.co.nz/
  email:   yuri@rmsroofing.co.nz
  ✓ SENT → yuri@rmsroofing.co.nz
[48/100] Hartley Tiling (tilers, Hamilton)
  website: http://www.hartleytiling.co.nz/
  email:   not found
[49/100] Ramon Dings Tiling (tilers, Auckland)
  website: https://www.rdtiling.com/
  email:   info@rdtiling.com
  ✓ SENT → info@rdtiling.com
[50/100] Rectify Roofing (roofers, Upper Hutt)
  website: http://www.rectifyroofing.co.nz/
  email:   not found
[51/100] Roof Craft Dunedin (roofers, Dunedin)
  website: https://roofcraftdunedin.co.nz/
  email:   not found
[52/100] Kiwi House Decorators Limited (painters, Wellington)
  website: https://kiwihousedecorators.co.nz/
  email:   hoan@kiwihousedecorators.co.nz
  ✓ SENT → hoan@kiwihousedecorators.co.nz
[53/100] Roofing Hawkes Bay (roofers, Napier)
  website: http://schema.org/Place
  email:   not found
[54/100] Precast Concrete (concreters, Dunedin)
  website: http://www.precastdunedin.co.nz/
  email:   richard@precastdunedin.co.nz
  ✓ SENT → richard@precastdunedin.co.nz
[55/100] Colorbox Painting & Decorating Ltd (painters, Nelson)
  website: http://www.colorbox.co.nz/
  email:   info@colorbox.co.nz
  ✓ SENT → info@colorbox.co.nz
[56/100] Refresh Painters (painters, Wellington)
  website: https://refreshpainters.co.nz/
  email:   tyler@refreshpainters.co.nz
  ✓ SENT → tyler@refreshpainters.co.nz
[57/100] Davis House Painters Auckland | Interior & Exterior Painters (painters, Auckland)
  website: http://www.davispainters.co.nz/
  email:   not found
[58/100] Five Star Concrete Limited (concreters, Whangārei)
  website: http://fivestarconcrete.co.nz/
  email:   sales@fivestarconcrete.co.nz
  ✓ SENT → sales@fivestarconcrete.co.nz
[59/100] Summit Tiling Ltd (tilers, Hamilton)
  website: http://schema.org/Place
  email:   not found
[60/100] Dunners Concrete Contractor Services (concreters, Dunedin)
  website: https://www.dunnersconcrete.co.nz/
  email:   dunnersconcrete@gmail.com
  ✓ SENT → dunnersconcrete@gmail.com
[61/100] LHG Roofing (roofers, Lower Hutt)
  website: https://www.lhgroofing.co.nz/
  email:   not found
[62/100] Premier Roofing Dunedin (roofers, Dunedin)
  website: https://premierroofingdunedin.com/
  email:   info+leads@premierroofingdunedin.com
  ✓ SENT → info+leads@premierroofingdunedin.com
[63/100] GLG Painting and Decorating Ltd.| Wellington Home Decor (painters, Lower Hutt)
  website: https://www.glgpainting.nz/
  email:   info@glgpainting.nz
  ✓ SENT → info@glgpainting.nz
[64/100] Freeman Roofing Dunedin (roofers, Dunedin)
  website: http://www.freemanroofing.co.nz/dunedin
  email:   dunedin@freemanroofing.co.nz
  ✓ SENT → dunedin@freemanroofing.co.nz
[65/100] DB Tiling (tilers, Lower Hutt)
  website: https://www.dbtiling.co.nz/
  email:   db-tiling@outlook.co.nz
  ✓ SENT → db-tiling@outlook.co.nz
[66/100] IN-EX PAINTING (painters, Whanganui)
  website: https://sitelift.site/inexpainting/
  email:   inexpaintingnz@gmail.com
  ✓ SENT → inexpaintingnz@gmail.com
[67/100] Top Cat Roofing (roofers, Whangārei)
  website: http://www.topcatroof.co.nz/
  email:   sales@topcatroof.co.nz
  ✓ SENT → sales@topcatroof.co.nz
[68/100] Kodiak Group (concreters, Porirua)
  website: http://schema.org/Place
  email:   not found
[69/100] Project Tiling Ltd (tilers, Hamilton)
  website: https://projecttiling.co.nz/
  email:   info@projecttiling.nz
  ✓ SENT → info@projecttiling.nz
[70/100] Skyline Metal Roofing Auckland (roofers, Auckland)
  website: https://skylineroofingnz.com/
  email:   info@skylineroofingnz.com
  ✓ SENT → info@skylineroofingnz.com
[71/100] Straight Edge Concrete Limited (concreters, Nelson)
  website: https://www.straightedgeconcrete.co.nz/
  email:   info@straightedgeconcrete.co.nz
  ✓ SENT → info@straightedgeconcrete.co.nz
[72/100] Gradient Concrete (concreters, Hamilton)
  website: https://www.gradientconcrete.co.nz/
  email:   admin@gradientconcrete.co.nz
  ✓ SENT → admin@gradientconcrete.co.nz
[73/100] Tui Tile & Stone (tilers, Palmerston North)
  website: http://schema.org/Place
  email:   not found
[74/100] House Painters Christchurch - Dyer Decorating (painters, Christchurch)
  website: http://schema.org/Place
  email:   not found
[75/100] Finesse Painting & Decorating (painters, Christchurch)
  website: https://www.finessepainting.co.nz/
  email:   not found
[76/100] Solidcretehb Limited (concreters, Napier)
  website: http://www.solidcretehb.co.nz/
  email:   solidcretehb@gmail.com
  ✓ SENT → solidcretehb@gmail.com
[77/100] Falcon Roofing Limited (roofers, Whanganui)
  website: https://falconroofing.co.nz/
  email:   not found
[78/100] My Roofers Auckland (roofers, Auckland)
  website: http://schema.org/Place
  email:   not found
[79/100] Wellington Decorators (painters, Wellington)
  website: https://wellingtondecorators.co.nz/
  email:   info@wellingtondecorators.co.nz
  ✓ SENT → info@wellingtondecorators.co.nz
[80/100] Inspire Tiling (tilers, Napier)
  website: http://schema.org/Place
  email:   not found
[81/100] Just Us Painting and Decorating Limited (painters, Palmerston North)
  website: https://justus.co.nz/
  email:   not found
[82/100] Top Notch Roof Repairs (roofers, Lower Hutt)
  website: http://www.topnotchroofrepairs.co.nz/
  email:   not found
[83/100] Fe Roofing Limited (roofers, Rotorua)
  website: https://feroofing.co.nz/
  email:   kiaora@feroofing.co.nz
  ✗ send failed: (451, b'4.7.1 Ratelimit "hostinger_out_ratelimit" exceeded for key "RLuut3mom4be455xgkqnadrjzi"')
[84/100] Storm Tech Roofing (roofers, Napier)
  website: https://stormtechroofingnz.com/
  email:   laurence@stormtechroofingnz.com
  ✗ send failed: (451, b'4.7.1 Ratelimit "hostinger_out_ratelimit" exceeded for key "RLuut3mom4be455xgkqnadrjzi"')
[85/100] Master Concrete Cutters (concreters, Tauranga)
  website: https://www.masterconcretecutters.com/
  email:   not found
[86/100] R.J.S Roofing Services (roofers, Palmerston North)
  website: http://www.rjsroofing.co/
  email:   reece@rjsroofing.co.nz
  ✗ send failed: (451, b'4.7.1 Ratelimit "hostinger_out_ratelimit" exceeded for key "RLuut3mom4be455xgkqnadrjzi"')
[87/100] Peak Painting & Decorating (painters, Napier)
  website: https://peakpainting.co.nz/
  email:   hello@peakpainting.nz
  ✗ send failed: (451, b'4.7.1 Ratelimit "hostinger_out_ratelimit" exceeded for key "RLuut3mom4be455xgkqnadrjzi"')
[88/100] Northzone Tiling (tilers, Whangārei)
  website: http://www.northzonetiling.co.nz/
  email:   northzonetiling@gmail.com
  ✗ send failed: (451, b'4.7.1 Ratelimit "hostinger_out_ratelimit" exceeded for key "RLuut3mom4be455xgkqnadrjzi"')
[89/100] Roll With It Painting & Decorating Queenstown (painters, Queenstown)
  website: https://rollwithitpainting.co.nz/
  email:   rwipainting@myyahoo.com
  ✗ send failed: (451, b'4.7.1 Ratelimit "hostinger_out_ratelimit" exceeded for key "RLuut3mom4be455xgkqnadrjzi"')
[90/100] Home Shield - Auckland House Painters (painters, Auckland)
  website: https://www.homeshieldpainters.co.nz/
  email:   info@homeshieldpainters.co.nz
  ✗ send failed: (451, b'4.7.1 Ratelimit "hostinger_out_ratelimit" exceeded for key "RLuut3mom4be455xgkqnadrjzi"')
[91/100] GOLD MOON TILING LTD (tilers, Christchurch)
  website: https://www.goldmoontiling.co.nz/
  email:   not found
[92/100] Dangelina Tiling Ltd (tilers, Christchurch)
  website: http://dangelinatiling.co.nz/
  email:   webmaster@dangelinatiling.co.nz
  ✗ send failed: (451, b'4.7.1 Ratelimit "hostinger_out_ratelimit" exceeded for key "RLuut3mom4be455xgkqnadrjzi"')
[93/100] Working at Height Specialists (roofers, Hamilton)
  website: http://wahs.co.nz/
  email:   not found
[94/100] Hutt City Painters Ltd (painters, Lower Hutt)
  website: https://huttcitypainters.co.nz/
  email:   not found
[95/100] Tasman Roofing Nelson (roofers, Nelson)
  website: http://www.tasmanroofing.nz/
  email:   admin@roofingtasman.co.nz
  ✗ send failed: (451, b'4.7.1 Ratelimit "hostinger_out_ratelimit" exceeded for key "RLuut3mom4be455xgkqnadrjzi"')
[96/100] Kiwi Concrete Works Ltd (concreters, Rotorua)
  website: http://schema.org/Place
  email:   not found
[97/100] Cornerstone Tiling (tilers, Tauranga)
  website: https://www.cornerstonetiling.co.nz/
  email:   office@cstone.co.nz
  ✗ send failed: (451, b'4.7.1 Ratelimit "hostinger_out_ratelimit" exceeded for key "RLuut3mom4be455xgkqnadrjzi"')
[98/100] Premium Quality Roofing Limited (roofers, Lower Hutt)
  website: https://premiumqualityroofing.co.nz/
  email:   pqrlimitednz@gmail.com
  ✗ send failed: (451, b'4.7.1 Ratelimit "hostinger_out_ratelimit" exceeded for key "RLuut3mom4be455xgkqnadrjzi"')
[99/100] Best Value Roof Painting (roofers, Christchurch)
  website: http://bestvalueroofpainting.co.nz/
  email:   info@bestvalueroofpainting.co.nz
  ✗ send failed: (451, b'4.7.1 Ratelimit "hostinger_out_ratelimit" exceeded for key "RLuut3mom4be455xgkqnadrjzi"')
[100/100] P & T Painting (painters, Porirua)
  website: https://ptpainting.nz/
  email:   paul@ptpainting.nz
  ✗ send failed: (451, b'4.7.1 Ratelimit "hostinger_out_ratelimit" exceeded for key "RLuut3mom4be455xgkqnadrjzi"')

========================================
Processed:      100
Websites found: 100
Emails found:   67
Emails sent:    54
CSV: /home/ben/.openclaw/workspace/site/outreach/contacts_wave2.csv
Summary email failed: (451, b'4.7.1 Ratelimit "hostinger_out_ratelimit" exceeded for key "RLuut3mom4be455xgkqnadrjzi"')
Summary email failed: (451, b'4.7.1 Ratelimit "hostinger_out_ratelimit" exceeded for key "RLuut3mom4be455xgkqnadrjzi"')
