=== TradieTools outreach run ===
Targeting 100 listings

[1/100] ACF Plumbing (plumbers, Christchurch)
  website: https://www.acfplumbing.co.nz/
  email:   admin@acfplumbing.co.nz
  ✓ SENT → admin@acfplumbing.co.nz
[2/100] Optiplumb Ltd | Hamilton Plumbers (plumbers, Hamilton)
  website: http://www.optiplumb.co.nz/
  email:   info@optiplumb.co.nz
  ✓ SENT → info@optiplumb.co.nz
[3/100] Mega Electrical Services Limited (electricians, Auckland)
  website: http://www.megaelectrical.co.nz/
  email:   megaelectrical7@outlook.com
  ✓ SENT → megaelectrical7@outlook.com
[4/100] Garcia Plumbing and Gas (plumbers, Wellington)
  website: https://www.garcia.co.nz/
  email:   office@garcia.co.nz
  ✓ SENT → office@garcia.co.nz
[5/100] Hiko Electrical (electricians, Tauranga)
  website: http://www.hikoelectrical.co.nz/
  email:   hello@hikoelectrical.co.nz
  ✓ SENT → hello@hikoelectrical.co.nz
[6/100] Illuminex Electrical (electricians, Lower Hutt)
  website: http://www.illuminex.co.nz/
  email:   admin@illuminex.co.nz
  ✓ SENT → admin@illuminex.co.nz
[7/100] Pluto Electrics Ltd (electricians, Wellington)
  website: http://www.plutoelectrics.co.nz/
  email:   jerah@plutoelectrics.co.nz
  ✓ SENT → jerah@plutoelectrics.co.nz
[8/100] Mr Electri City - Electrician Whangarei (electricians, Whangārei)
  website: http://www.mrelectricity.co.nz/
  email:   info@mrelectricity.co.nz
  ✓ SENT → info@mrelectricity.co.nz
[9/100] Pooman Ltd (drainlayers, Christchurch)
  website: https://www.pooman.co.nz/
  email:   info@pooman.co.nz
  ✓ SENT → info@pooman.co.nz
[10/100] Fix & Flow Plumbing (plumbers, Auckland)
  website: http://www.fixflow.co.nz/
  email:   info@fixflow.co.nz
  ✓ SENT → info@fixflow.co.nz
[11/100] Hertz Electrical - Electrician Nelson, Richmond, Stoke (electricians, Nelson)
  website: http://hertzelectrical.co.nz/
  email:   service@hertzelectrical.co.nz
  ✓ SENT → service@hertzelectrical.co.nz
[12/100] Wiretec Electrical (electricians, Lower Hutt)
  website: http://www.wiretec.co.nz/
  email:   info@wiretec.co.nz
  ✓ SENT → info@wiretec.co.nz
[13/100] #Electrical (electricians, Porirua)
  website: http://schema.org/Place
  email:   not found
[14/100] Semtex Plumbing, Civil & Pipe Relining (drainlayers, Palmerston North)
  website: http://www.semtex.co.nz/
  email:   info@semtex.co.nz
  ✓ SENT → info@semtex.co.nz
[15/100] Simply Plumbing (plumbers, Christchurch)
  website: https://www.simplyplumbing.co.nz/
  email:   admin@simplyplumbing.co.nz
  ✓ SENT → admin@simplyplumbing.co.nz
[16/100] Preferred Plumber Ltd (drainlayers, Tauranga)
  website: http://www.preferredplumber.co.nz/
  email:   erwin@preferredplumber.co.nz
  ✓ SENT → erwin@preferredplumber.co.nz
[17/100] PlyLab furniture & kitchens (carpenters, Lower Hutt)
  website: http://www.plylab.co.nz/
  email:   hello@plylab.co.nz
  ✓ SENT → hello@plylab.co.nz
[18/100] Auckland Plumber Drainlayer (drainlayers, Auckland)
  website: http://schema.org/Place
  email:   not found
[19/100] Natoli Plumbing & Drainage (drainlayers, Lower Hutt)
  website: http://www.natoliplumbing.co.nz/
  email:   office@natoliplumbing.co.nz
  ✓ SENT → office@natoliplumbing.co.nz
[20/100] Southcombe Electrical (electricians, Whanganui)
  website: http://www.southcombeelectrical.co.nz/
  email:   admin@southcombeelectrical.co.nz
  ✓ SENT → admin@southcombeelectrical.co.nz
[21/100] Inland Plumbing, Gasfitting and Drainlaying Limited (drainlayers, Auckland)
  website: https://inlandpgd.co.nz/
  email:   admin@inlandpgd.co.nz
  ✓ SENT → admin@inlandpgd.co.nz
[22/100] Choice Electrical LTD (electricians, Auckland)
  website: https://www.choiceelectrical.co.nz/
  email:   info@choiceelectrical.co.nz
  ✓ SENT → info@choiceelectrical.co.nz
[23/100] Tauranga Electrical (electricians, Tauranga)
  website: http://www.taurangaelectrical.co.nz/
  email:   office@taurangaelectrical.co.nz
  ✓ SENT → office@taurangaelectrical.co.nz
[24/100] Flush & Flow - Plumbing & Gas (plumbers, Christchurch)
  website: http://www.flushandflow.co.nz/
  email:   jorden@flushandflow.co.nz
  ✓ SENT → jorden@flushandflow.co.nz
[25/100] Bayside Electrical Services Ltd (electricians, Tauranga)
  website: http://www.baysideelec.co.nz/
  email:   admin@baysideelec.co.nz
  ✓ SENT → admin@baysideelec.co.nz
[26/100] Euroheat - Wellington's Hot Water & Central Heating Specialists (plumbers, Upper Hutt)
  website: http://www.euroheat.co.nz/
  email:   office@euroheat.co.nz
  ✓ SENT → office@euroheat.co.nz
[27/100] Discount Drainage (plumbers, Christchurch)
  website: http://www.discountdrainage.co.nz/
  email:   admin@discountdrainage.co.nz
  ✓ SENT → admin@discountdrainage.co.nz
[28/100] Jim's Handyman & Jim's Building and Maintenance - Mt Albert (carpenters, Auckland)
  website: https://tradehq.com/jimshandymanmtalbert/enquire
  email:   not found
[29/100] Adam Tulloch Electrical Limited (electricians, Lower Hutt)
  website: https://safepower.co.nz/
  email:   adam@safepower.co.nz
  ✓ SENT → adam@safepower.co.nz
[30/100] M K Electrical Services Ltd (electricians, Palmerston North)
  website: http://www.mkelectrical.co.nz/
  email:   info@mkelectrical.co.nz
  ✓ SENT → info@mkelectrical.co.nz
[31/100] Boss Plumbing and Drainage Ltd (drainlayers, Whangārei)
  website: http://bossplumbing.co.nz/
  email:   not found
[32/100] Next Level Joinery (carpenters, Auckland)
  website: https://nextleveljoinery.co.nz/
  email:   pricing@nextleveljoinery.co.nz
  ✓ SENT → pricing@nextleveljoinery.co.nz
[33/100] Combined Plumbers Ltd (plumbers, Whanganui)
  website: https://www.combinedplumbers.co.nz/
  email:   simon@combinedplumbers.co.nz
  ✓ SENT → simon@combinedplumbers.co.nz
[34/100] Illuminate Electrical Ltd (electricians, Tauranga)
  website: https://www.illuminateelectrical.co.nz/
  email:   steve@illuminateelectrical.co.nz
  ✓ SENT → steve@illuminateelectrical.co.nz
[35/100] Alectrics Electrical | Electrician Hamilton (electricians, Hamilton)
  website: https://www.alectrics.co.nz/
  email:   andre@alectrics.co.nz
  ✓ SENT → andre@alectrics.co.nz
[36/100] Bay Brothers Plumbing and Gas Ltd (plumbers, Tauranga)
  website: http://www.baybrothersplumbing.nz/
  email:   mark@baybrothersplumbing.nz
  ✓ SENT → mark@baybrothersplumbing.nz
[37/100] Plumbed Out (plumbers, Porirua)
  website: http://www.plumbedout.co.nz/
  email:   info@plumbedout.co.nz
  ✓ SENT → info@plumbedout.co.nz
[38/100] Leck Electrical (electricians, Auckland)
  website: http://www.leckelectrical.co.nz/
  email:   info@leckelectrical.co.nz
  ✓ SENT → info@leckelectrical.co.nz
[39/100] Charged Up Electrical (electricians, Porirua)
  website: http://schema.org/Place
  email:   not found
[40/100] Sentinel Homes Waikato Hamilton - House & Land Builder, Designer and Subdivider (builders, Hamilton)
  website: https://www.sentinelhomes.co.nz/locations/waikato
  email:   nate.alley@sentinelhomes.co.nz
  ✓ SENT → nate.alley@sentinelhomes.co.nz
[41/100] Gallery Kitchens (carpenters, Napier)
  website: http://www.gallerykitchens.co.nz/
  email:   sales@gallerykitchens.co.nz
  ✓ SENT → sales@gallerykitchens.co.nz
[42/100] Electric Avenue Electrical (electricians, Tauranga)
  website: https://electricavenue.co.nz/
  email:   admin@electricavenue.co.nz
  ✓ SENT → admin@electricavenue.co.nz
[43/100] Pipeman Expert Ltd. (plumbers, Upper Hutt)
  website: https://www.pipemanexpert.co.nz/
  email:   info@pipemanexpert.co.nz
  ✓ SENT → info@pipemanexpert.co.nz
[44/100] Drainage King (drainlayers, Christchurch)
  website: https://drainageking.co.nz/
  email:   info@drainageking.co.nz
  ✓ SENT → info@drainageking.co.nz
[45/100] Three Ducks Solutions (drainlayers, Tauranga)
  website: https://www.threeducks.co.nz/
  email:   hello@threeducks.co.nz
  ✓ SENT → hello@threeducks.co.nz
[46/100] Charged Electrical (electricians, New Plymouth)
  website: http://www.charged-electrical.com/
  email:   jamie@charged-electrical.com
  ✓ SENT → jamie@charged-electrical.com
[47/100] Bronson Electrical Electrician Christchurch (electricians, Christchurch)
  website: http://schema.org/Place
  email:   not found
[48/100] Queenstown Electric (electricians, Queenstown)
  website: http://www.queenstownelectric.co.nz/
  email:   office@queenstownelectric.co.nz
  ✓ SENT → office@queenstownelectric.co.nz
[49/100] Kamo Kitchens (carpenters, Whangārei)
  website: https://www.kamokitchens.co.nz/
  email:   hello@kamokitchens.co.nz
  ✓ SENT → hello@kamokitchens.co.nz
[50/100] XP Electrical (electricians, Hamilton)
  website: http://xpelectrical.co.nz/
  email:   admin@xpelectrical.co.nz
  ✓ SENT → admin@xpelectrical.co.nz
[51/100] Hutt Valley Plumbing (plumbers, Lower Hutt)
  website: http://schema.org/Place
  email:   not found
[52/100] Rapid Wire Electrical - Mastercraft Electrical Taranaki (electricians, New Plymouth)
  website: http://rapidwire.co.nz/
  email:   nath@rapidwire.co.nz
  ✓ SENT → nath@rapidwire.co.nz
[53/100] Wattex Electrical Limited (electricians, Upper Hutt)
  website: http://www.wattexelectrical.co.nz/
  email:   mark@wattexelectrical.co.nz
  ✓ SENT → mark@wattexelectrical.co.nz
[54/100] Top2 Renovation and Building services (builders, Dunedin)
  website: https://top2renovation.co.nz/
  email:   info@top2renovation.co.nz
  ✓ SENT → info@top2renovation.co.nz
[55/100] Wellington Building Services Ltd (builders, Wellington)
  website: https://www.wellingtonbuilding.co.nz/
  email:   not found
[56/100] Ka Pai Plumbing (plumbers, Porirua)
  website: http://schema.org/Place
  email:   not found
[57/100] Natural Edge Joinery (carpenters, Hastings)
  website: https://www.naturaledgejoinery.co.nz/
  email:   hello@naturaledgejoinery.co.nz
  ✓ SENT → hello@naturaledgejoinery.co.nz
[58/100] PlumberMan (Rotorua) 2006 Ltd (drainlayers, Rotorua)
  website: https://www.plumbermanrotorua.co.nz/
  email:   office@plumbermanrotorua.co.nz
  ✓ SENT → office@plumbermanrotorua.co.nz
[59/100] CT Timber Joinery (carpenters, Auckland)
  website: https://ctjoinery.co.nz/
  email:   info@ctjoinery.co.nz
  ✓ SENT → info@ctjoinery.co.nz
[60/100] Astral Electrical (electricians, Wellington)
  website: https://astralelectrical.co.nz/
  email:   office@astralelectrical.co.nz
  ✓ SENT → office@astralelectrical.co.nz
[61/100] iPlumb NZ Ltd (plumbers, Dunedin)
  website: http://www.iplumb.net.nz/
  email:   hello@iplumb.net.nz
  ✓ SENT → hello@iplumb.net.nz
[62/100] Better Building - Certified Builders Auckland (builders, Auckland)
  website: http://www.betterbuilding.co.nz/
  email:   info@betterbuilding.co.nz
  ✓ SENT → info@betterbuilding.co.nz
[63/100] GoFox Electrical Whangarei (electricians, Whangārei)
  website: https://gofox.nz/electrical/whangarei/
  email:   electrical.whangarei@gofox.nz
  ✓ SENT → electrical.whangarei@gofox.nz
[64/100] Re:Lume Electrical (electricians, New Plymouth)
  website: http://www.relume.co.nz/
  email:   info@relume.co.nz
  ✓ SENT → info@relume.co.nz
[65/100] E. G. Glennie Plumbing (drainlayers, Wellington)
  website: http://www.egglennie.co.nz/
  email:   not found
[66/100] Morgan Electrical (electricians, Upper Hutt)
  website: http://schema.org/Place
  email:   not found
[67/100] Trevor Mangan Electrical (electricians, Wellington)
  website: http://schema.org/Place
  email:   not found
[68/100] Lufdon Plumbing Services (plumbers, Rotorua)
  website: http://schema.org/Place
  email:   not found
[69/100] Straight Up Builders | Tauranga (builders, Tauranga)
  website: https://straightupbuilders.co.nz/
  email:   not found
[70/100] Tweakit Joinery Solutions (carpenters, Palmerston North)
  website: https://www.tweakit.co.nz/
  email:   sales@tweakit.co.nz
  ✓ SENT → sales@tweakit.co.nz
[71/100] Unplugged Plumber (plumbers, Napier)
  website: http://www.unpluggedplumber.co.nz/
  email:   unpluggedp.ltd@gmail.com
  ✓ SENT → unpluggedp.ltd@gmail.com
[72/100] Buildtwo (builders, Porirua)
  website: https://buildtwo.co.nz/
  email:   sam@buildtwo.co.nz
  ✓ SENT → sam@buildtwo.co.nz
[73/100] Thomas Electrical HB (electricians, Hastings)
  website: http://www.thomaselectricalhb.co.nz/
  email:   office@thomaselectricalhb.co.nz
  ✓ SENT → office@thomaselectricalhb.co.nz
[74/100] Piped In Plumbing Limited (plumbers, Auckland)
  website: http://schema.org/Place
  email:   not found
[75/100] Podocarp Cabinetry & Joinery (carpenters, Christchurch)
  website: http://www.podocarpcabinetry.co.nz/
  email:   sean@podocarpcabinetry.co.nz
  ✓ SENT → sean@podocarpcabinetry.co.nz
[76/100] First Light Electrical Solutions (electricians, Gisborne)
  website: http://www.firstlightelectrical.net.nz/
  email:   admin@firstlightelectrical.net.nz
  ✓ SENT → admin@firstlightelectrical.net.nz
[77/100] Limitless Electrical (electricians, Nelson)
  website: http://schema.org/Place
  email:   not found
[78/100] Steadfast Joinery Limited (carpenters, Dunedin)
  website: http://www.steadfastjoinery.co.nz/
  email:   sales@steadfastjoinery.co.nz
  ✓ SENT → sales@steadfastjoinery.co.nz
[79/100] Nexus Energy (electricians, Palmerston North)
  website: https://nexusenergyltd.co.nz/
  email:   office@nexusenergy.kiwi
  ✗ send failed: {'office@nexusenergy.kiwi': (451, b'4.3.0 <office@nexusenergy.kiwi>: Temporary lookup failure')}
[80/100] Motion Plumbing and Gas (plumbers, New Plymouth)
  website: http://www.motionplumbing.co.nz/
  email:   admin@motionplumbing.co.nz
  ✓ SENT → admin@motionplumbing.co.nz
[81/100] Hey Plumber (plumbers, Whangārei)
  website: http://www.heyplumber.co.nz/
  email:   not found
[82/100] Concept Carpenters (carpenters, Auckland)
  website: http://www.conceptcarpenters.co.nz/
  email:   henry@concept.net.nz
  ✓ SENT → henry@concept.net.nz
[83/100] Legacy Electrical Solutions Ltd - Wellington (electricians, Upper Hutt)
  website: https://www.fayenelectrical.co.nz/
  email:   admin@legacyelectrical.org.nz
  ✓ SENT → admin@legacyelectrical.org.nz
[84/100] Total Plumbing & Gas Limited (plumbers, Whangārei)
  website: https://totalplumbing.nz/
  email:   admin@totalplumbing.nz
  ✓ SENT → admin@totalplumbing.nz
[85/100] Trent Builders (builders, Christchurch)
  website: https://www.trentbuilders.co.nz/
  email:   info@trentbuilding.co.nz
  ✓ SENT → info@trentbuilding.co.nz
[86/100] Fusion Joinery | Kitchen & Interior Joinery Napier (carpenters, Napier)
  website: https://fusion-joinery.com/
  email:   fusionjoinerylimited@tradehq.com
  ✓ SENT → fusionjoinerylimited@tradehq.com
[87/100] Leslie Drain Clearing (drainlayers, Lower Hutt)
  website: http://www.lesliedrainclearing.co.nz/
  email:   7581admin@lesliedrainclearing.co.nz
  ✓ SENT → 7581admin@lesliedrainclearing.co.nz
[88/100] Prentice Plumbing & Drainage Ltd (plumbers, Whangārei)
  website: http://prenticeplumbing.co.nz/
  email:   info@prenticeplumbing.com
  ✓ SENT → info@prenticeplumbing.com
[89/100] Next Level Building & Construction (builders, Dunedin)
  website: http://www.nextlevelbuildnz.com/
  email:   not found
[90/100] Enhanced renovations (carpenters, Hamilton)
  website: http://www.enhancedrenovations.co.nz/
  email:   admin@enhancedrenovations.co.nz
  ✓ SENT → admin@enhancedrenovations.co.nz
[91/100] Just Electrics - Electrician Hawke's Bay (electricians, Napier)
  website: http://justelectrics.co.nz/
  email:   office@justelectrics.co.nz
  ✓ SENT → office@justelectrics.co.nz
[92/100] Builders and Contractors (builders, Christchurch)
  website: http://schema.org/Place
  email:   not found
[93/100] Crown Joinery (2002) Limited Ltd (carpenters, Lower Hutt)
  website: http://www.timberjoinerywellington.co.nz/
  email:   admin@crownjoinery.co.nz
  ✓ SENT → admin@crownjoinery.co.nz
[94/100] RT Heat Pumps & Electrical Ltd (electricians, Whanganui)
  website: https://www.rtheatpumps.co.nz/
  email:   rtheatpumps@gmail.com
  ✓ SENT → rtheatpumps@gmail.com
[95/100] Power Surge Ltd (electricians, Invercargill)
  website: https://www.powersurgeltd.co.nz/
  email:   not found
[96/100] Sunshine Joinery - Hawkes Bay (carpenters, Napier)
  website: https://www.sunshinejoinery.co.nz/
  email:   rick@sunshinejoinery.co.nz
  ✓ SENT → rick@sunshinejoinery.co.nz
[97/100] Digga Drain Limited (drainlayers, Auckland)
  website: http://schema.org/Place
  email:   not found
[98/100] 100% Plumbing & Gas (plumbers, Rotorua)
  website: http://schema.org/Place
  email:   not found
[99/100] Refined Plumbing and Gasfitting Services Ltd (plumbers, Palmerston North)
  website: http://www.refinedplumbing.co.nz/
  email:   refinedplumbing@icloud.com
  ✓ SENT → refinedplumbing@icloud.com
[100/100] BK Patterson Builders Ltd (builders, Lower Hutt)
  website: http://www.bkpatterson.nz/
  email:   admin@bkpatterson.nz
  ✓ SENT → admin@bkpatterson.nz

========================================
Processed:    100
Websites found: 100
Emails found: 78
Emails sent:  77
CSV: /home/ben/.openclaw/workspace/site/outreach/contacts_found.csv
Summary email sent to instituteofbba@gmail.com
