Targeting 100 listings across ['glaziers', 'landscapers', 'fencers', 'carpet-layers', 'heat-pump-installers', 'solar-installers', 'scaffolders', 'waterproofers', 'plasterers']

[1/100] Hubands Energy (heat-pump-installers, Whangārei)
  website: http://schema.org/Place
  email:   not found
[2/100] Heat Force Ltd (heat-pump-installers, Christchurch)
  → already sent, skip
[3/100] Carpet Repairs Ltd (carpet-layers, Auckland)
  → already sent, skip
[4/100] Kelly Glass & Mirror (glaziers, Wellington)
  → already sent, skip
[5/100] Goldstar Heat Pumps (heat-pump-installers, Hamilton)
  → already sent, skip
[6/100] Climate & Plumbing (heat-pump-installers, New Plymouth)
  → already sent, skip
[7/100] Davies Heat & Cool (heat-pump-installers, Dunedin)
  website: http://schema.org/Place
  email:   not found
[8/100] Wellington Glass & Mirror (glaziers, Wellington)
  → already sent, skip
[9/100] Enviro Master Ltd (heat-pump-installers, Christchurch)
  website: https://www.enviromaster.co.nz/
  email:   not found
[10/100] Turfrey Store Hawke's Bay (waterproofers, Hastings)
  → already sent, skip
[11/100] Future Energy (solar-installers, Auckland)
  → already sent, skip
[12/100] Simons Flooring Design (carpet-layers, Tauranga)
  website: https://www.flooringdesign.co.nz/stores/tauranga
  email:   not found
[13/100] Sharp Glass (glaziers, Christchurch)
  → already sent, skip
[14/100] The Flooring Room Tauranga (carpet-layers, Tauranga)
  → already sent, skip
[15/100] Paul's Glass & Glazing (glaziers, Nelson)
  website: http://www.paulsglass.co.nz/
  email:   not found
[16/100] The Flooring Room Palmerston North (carpet-layers, Palmerston North)
  → already sent, skip
[17/100] BelAire Designer Fencing (fencers, Napier)
  website: http://belairefencing.co.nz/
  email:   info@belairefencing.co.nz
  ✓ SENT → info@belairefencing.co.nz
[18/100] Snowden Electrical & Air conditioning (heat-pump-installers, Tauranga)
  website: http://schema.org/Place
  email:   not found
[19/100] Easy Carpet (carpet-layers, Auckland)
  website: https://www.easycarpet.nz/
  email:   INFO@EASYCARPET.NZ
  ✓ SENT → INFO@EASYCARPET.NZ
[20/100] Northland Specialty Glass (glaziers, Whangārei)
  website: http://specialtyglass.co.nz/
  email:   info@specialtyglass.co.nz
  ✓ SENT → info@specialtyglass.co.nz
[21/100] Proglaze Ltd (glaziers, New Plymouth)
  website: https://www.proglaze.co.nz/
  email:   Proglaze@xtra.co.nz
  ✓ SENT → Proglaze@xtra.co.nz
[22/100] Flooring Design Hamilton (carpet-layers, Hamilton)
  website: https://www.flooringdesign.co.nz/stores/hamilton/
  email:   not found
[23/100] Ultra Refrigeration & Air Conditioning Limited (heat-pump-installers, Tauranga)
  website: http://www.ultrarefrigeration.co.nz/
  email:   info@ultrarefrigeration.co.nz
  ✓ SENT → info@ultrarefrigeration.co.nz
[24/100] Eco Shine Solar Panel Cleaning - Tauranga (solar-installers, Tauranga)
  website: https://ecoshine.co.nz/
  email:   info@ecoshine.co.nz
  ✓ SENT → info@ecoshine.co.nz
[25/100] Heat Pump Services Ltd (heat-pump-installers, Auckland)
  website: https://www.heatpumpservices.co.nz/
  email:   info@heatpumpservices.co.nz
  ✓ SENT → info@heatpumpservices.co.nz
[26/100] Premier Heating Ltd (heat-pump-installers, New Plymouth)
  website: http://www.premierheating.co.nz/
  email:   info@premierheating.co.nz
  ✓ SENT → info@premierheating.co.nz
[27/100] Heat Pumps & Air Conditioning Services. (heat-pump-installers, Auckland)
  website: http://schema.org/Place
  email:   not found
[28/100] Comfort Solutions (heat-pump-installers, Auckland)
  website: http://www.comfortsolutions.co.nz/
  email:   info@comfortsolutions.co.nz
  ✓ SENT → info@comfortsolutions.co.nz
[29/100] AirControl Hawkes Bay Ltd - Heat Pump Specialists (heat-pump-installers, Napier)
  website: https://aircontrolhb.co.nz/
  email:   admin@aircontrolhb.co.nz
  ✓ SENT → admin@aircontrolhb.co.nz
[30/100] Wellington Refrigeration Ltd (heat-pump-installers, Wellington)
  website: http://www.wellingtonrefrigeration.co.nz/
  email:   info@wellingtonrefrigeration.co.nz
  ✓ SENT → info@wellingtonrefrigeration.co.nz
[31/100] Hastings Glazing Services Limited (glaziers, Napier)
  website: http://schema.org/Place
  email:   not found
[32/100] Tauranga Glass Ltd (glaziers, Tauranga)
  → already sent, skip
[33/100] Summit Refrigeration + Air Conditioning and Heat Pumps (heat-pump-installers, New Plymouth)
  website: http://www.summitrefrigeration.co.nz/
  email:   info@summitrac.co.nz
  ✓ SENT → info@summitrac.co.nz
[34/100] Judd Refrigeration - Heat Pump and Air Conditioning Services (heat-pump-installers, Palmerston North)
  website: http://schema.org/Place
  email:   not found
[35/100] The Floor Store (carpet-layers, Hamilton)
  website: https://www.thefloorstorehamilton.co.nz/
  email:   fs2024@1920.mp
  ✓ SENT → fs2024@1920.mp
[36/100] Glass Inc (glaziers, Palmerston North)
  website: http://www.glassinc.co.nz/
  email:   info@glassinc.co.nz
  ✓ SENT → info@glassinc.co.nz
[37/100] A5 Interior Linings - GIB Stopping & GIB Fixing Auckland (plasterers, Auckland)
  website: https://www.a5interior.co.nz/
  email:   info@a5interior.co.nz
  ✓ SENT → info@a5interior.co.nz
[38/100] Flooring Design Whangarei (carpet-layers, Whangārei)
  website: https://www.flooringdesign.co.nz/stores/whangarei
  email:   not found
[39/100] The Glass Man (glaziers, New Plymouth)
  website: http://www.theglassman.co.nz/
  email:   office@theglassman.co.nz
  ✓ SENT → office@theglassman.co.nz
[40/100] Healthy Homes Taranaki (waterproofers, New Plymouth)
  website: http://www.healthyhomestaranaki.nz/
  email:   info@healthyhomestaranaki.nz
  ✓ SENT → info@healthyhomestaranaki.nz
[41/100] Hutt City Auto Glass (glaziers, Upper Hutt)
  website: http://huttcityautoglass.co.nz/
  email:   websites@managemy.co.nz
  ✓ SENT → websites@managemy.co.nz
[42/100] Flooring Design Palmerston North (carpet-layers, Palmerston North)
  website: https://www.flooringdesign.co.nz/stores/palmerston-north/
  email:   not found
[43/100] Gardner's Gardening (landscapers, Auckland)
  website: http://www.ggl.co.nz/
  email:   hello@gardnersgardening.co.nz
  ✓ SENT → hello@gardnersgardening.co.nz
[44/100] Flooring Xtra Tauranga (carpet-layers, Tauranga)
  website: https://www.flooringxtra.co.nz/pages/store/tauranga
  email:   tauranga@flooringxtra.co.nz
  ✓ SENT → tauranga@flooringxtra.co.nz
[45/100] The Glass Guys (glaziers, Rotorua)
  website: https://www.theglassguys.co.nz/
  email:   office@theglassguys.co.nz
  ✓ SENT → office@theglassguys.co.nz
[46/100] Ghuznee Street Shoe and Bag Repairs (waterproofers, Wellington)
  website: http://schema.org/Place
  email:   not found
[47/100] Superheat Electrical and Air-Conditioning (heat-pump-installers, Hamilton)
  website: https://superheatelectrical.co.nz/
  email:   07-849-0405-sales@superheatelectrical.co
  ✓ SENT → 07-849-0405-sales@superheatelectrical.co
[48/100] A-Z Flooring (carpet-layers, Wellington)
  website: http://azflooring.co.nz/
  email:   info@azflooring.co.nz
  ✓ SENT → info@azflooring.co.nz
[49/100] Choices Flooring Hamilton (by Charteris) (carpet-layers, Hamilton)
  website: https://www.choicesflooring.co.nz/stores/by-charteris/?utm_source=GMB&amp;utm_medium=Organic&amp;utm_id=Stores
  email:   hamilton.newzealand@choicesflooring.com.au
  ✓ SENT → hamilton.newzealand@choicesflooring.com.au
[50/100] Halswell Glass & Glazing (glaziers, Christchurch)
  website: https://www.halswellglass.co.nz/
  email:   not found
[51/100] Motorhome Solar & Electrical (solar-installers, Hamilton)
  website: https://www.motorhomesolar.co.nz/
  email:   serversupport@websiteangels.co.nz
  ✓ SENT → serversupport@websiteangels.co.nz
[52/100] Colthurst Flooring (carpet-layers, Whangārei)
  website: http://www.colthurst.co.nz/
  email:   info@colthurst.co.nz
  ✓ SENT → info@colthurst.co.nz
[53/100] Elite Glazing and Glass Auckland (glaziers, Auckland)
  website: https://www.eliteglazing.co.nz/
  email:   admin@eliteglazing.co.nz
  ✓ SENT → admin@eliteglazing.co.nz
[54/100] Deans Flooring (carpet-layers, Whangārei)
  website: https://www.deansflooring.co.nz/
  email:   deansflooringnz@gmail.com
  ✓ SENT → deansflooringnz@gmail.com
[55/100] Hotspot Fires & Installations Ltd (heat-pump-installers, Invercargill)
  website: http://www.hotspotinstallations.co.nz/
  email:   Invercargill@hotspotinstallations.co.nz
  ✓ SENT → Invercargill@hotspotinstallations.co.nz
[56/100] Auto Glass Specialists | Windscreen Repair Queenstown (glaziers, Queenstown)
  website: http://schema.org/Place
  email:   not found
[57/100] Greenco Solutions (solar-installers, Wellington)
  website: http://www.greencosolutions.co.nz/
  email:   user@domain.com
  ✓ SENT → user@domain.com
[58/100] Rotorua Windscreens - Glass & Repairs (glaziers, Rotorua)
  website: http://www.rotoruawindscreens.co.nz/location
  email:   office@rotoruawindscreens.co.nz
  ✓ SENT → office@rotoruawindscreens.co.nz
[59/100] Shotover Mowing & Landscaping - Queenstown Gardeners and Landscapers (landscapers, Queenstown)
  website: http://schema.org/Place
  email:   not found
[60/100] AVID Solar (solar-installers, Auckland)
  website: http://www.avidsolar.co.nz/
  email:   not found
[61/100] Total Solar (solar-installers, Auckland)
  website: https://www.totalsolar.co.nz/
  email:   info@totalsolar.co.nz
  ✓ SENT → info@totalsolar.co.nz
[62/100] OnCall Repairs (glaziers, Tauranga)
  website: http://www.oncallrepairs.co.nz/
  email:   kyle@oncallrepairs.co.nz
  ✓ SENT → kyle@oncallrepairs.co.nz
[63/100] Floor Court Porirua (carpet-layers, Porirua)
  website: http://www.floorcourt.co.nz/
  email:   sales@floorcourt.co.nz
  ✓ SENT → sales@floorcourt.co.nz
[64/100] Thermawood Otago (glaziers, Dunedin)
  website: http://schema.org/Place
  email:   not found
[65/100] Richmond Flooring and Tiles - Richmond & Nelson (carpet-layers, Nelson)
  website: http://www.richmondflooring.co.nz/
  email:   user@domain.com
  ✓ SENT → user@domain.com
[66/100] Star-Delta Electrical & Solar (solar-installers, Upper Hutt)
  website: https://www.stardelta.co.nz/
  email:   not found
[67/100] Classic Carpets Flooring Xtra (carpet-layers, New Plymouth)
  website: http://schema.org/Place
  email:   not found
[68/100] JP Aircon (heat-pump-installers, Whangārei)
  website: https://www.jpaircon.co.nz/
  email:   JP_Aircon@outlook.com
  ✓ SENT → JP_Aircon@outlook.com
[69/100] Absolute Cool Limited (heat-pump-installers, Auckland)
  website: https://absolutecool.co.nz/
  email:   absolutecool.sales@gmail.com
  ✓ SENT → absolutecool.sales@gmail.com
[70/100] Nelson Heat Pumps (heat-pump-installers, Nelson)
  website: http://www.nelsonheatpumps.nz/
  email:   info@nelsonheatpumps.nz
  ✓ SENT → info@nelsonheatpumps.nz
[71/100] The Flooring Room Nelson (carpet-layers, Nelson)
  website: https://theflooringroom.co.nz/nelson-team/
  email:   auckland@theflooringroom.co.nz
  ✓ SENT → auckland@theflooringroom.co.nz
[72/100] Beban's Glass 2022 Limited (glaziers, Upper Hutt)
  website: http://www.bebansglass.com/
  email:   admin@bebansglass.com
  ✓ SENT → admin@bebansglass.com
[73/100] CarpetMe - Carpet & Flooring Dunedin (carpet-layers, Dunedin)
  website: http://www.carpetme.co.nz/
  email:   not found
[74/100] Hubbers Flooring & Soft Furnishings (carpet-layers, Nelson)
  website: https://www.hubbers-flooring.co.nz/
  email:   nelson@hubbersflooring.co.nz
  ⏸ daily limit (50) reached — stopping

========================================
Processed:      62
Websites found: 62
Emails found:   41
Emails sent:    40
CSV: /home/ben/.openclaw/workspace/site/outreach/contacts_wave3.csv
Summary email failed: (451, b'4.7.1 Ratelimit "hostinger_out_ratelimit" exceeded for key "RLuut3mom4be455xgkqnadrjzi"')
ben/.openclaw/workspace/site/outreach/contacts_wave3.csv
Summary email failed: (451, b'4.7.1 Ratelimit "hostinger_out_ratelimit" exceeded for key "RLuut3mom4be455xgkqnadrjzi"')
