ACF Plumbing
Optiplumb Ltd | Hamilton Plumbers
Mega Electrical Services Limited
Garcia Plumbing and Gas
Hiko Electrical
Illuminex Electrical
Pluto Electrics Ltd
Mr Electri City - Electrician Whangarei
Pooman Ltd
Fix & Flow Plumbing
Hertz Electrical - Electrician Nelson, Richmond, Stoke
Wiretec Electrical
Semtex Plumbing, Civil & Pipe Relining
Simply Plumbing
Preferred Plumber Ltd
PlyLab furniture & kitchens
Natoli Plumbing & Drainage
Southcombe Electrical
Inland Plumbing, Gasfitting and Drainlaying Limited
Choice Electrical LTD
Tauranga Electrical
Flush & Flow - Plumbing & Gas
Bayside Electrical Services Ltd
Euroheat - Wellington's Hot Water & Central Heating Specialists
Discount Drainage
Adam Tulloch Electrical Limited
M K Electrical Services Ltd
Next Level Joinery
Combined Plumbers Ltd
Illuminate Electrical Ltd
Alectrics Electrical | Electrician Hamilton
Bay Brothers Plumbing and Gas Ltd
Plumbed Out
Leck Electrical
Sentinel Homes Waikato Hamilton - House & Land Builder, Designer and Subdivider
Gallery Kitchens
Electric Avenue Electrical
Pipeman Expert Ltd.
Drainage King
Three Ducks Solutions
Charged Electrical
Queenstown Electric
Kamo Kitchens
XP Electrical
Rapid Wire Electrical - Mastercraft Electrical Taranaki
Wattex Electrical Limited
Top2 Renovation and Building services
Natural Edge Joinery
PlumberMan (Rotorua) 2006 Ltd
CT Timber Joinery
Astral Electrical
iPlumb NZ Ltd
Better Building - Certified Builders Auckland
GoFox Electrical Whangarei
Re:Lume Electrical
Tweakit Joinery Solutions
Unplugged Plumber
Buildtwo
Thomas Electrical HB
Podocarp Cabinetry & Joinery
First Light Electrical Solutions
Steadfast Joinery Limited
Motion Plumbing and Gas
Concept Carpenters
Legacy Electrical Solutions Ltd - Wellington
Total Plumbing & Gas Limited
Trent Builders
Fusion Joinery | Kitchen & Interior Joinery Napier
Leslie Drain Clearing
Prentice Plumbing & Drainage Ltd
Enhanced renovations
Just Electrics - Electrician Hawke's Bay
Crown Joinery (2002) Limited Ltd
RT Heat Pumps & Electrical Ltd
Sunshine Joinery - Hawkes Bay
Refined Plumbing and Gasfitting Services Ltd
BK Patterson Builders Ltd
