Parnwell Painting Ltd | Nelson’s Residential Painting Specialists
Auckland Roofing Solutions
Nice Painting Company Ltd
KEMPT Painting & Decorating
Mount Roof Services
Impact Roofing Solutions
BK Painters Limited
LaserLine Tiling Christchurch
Re-Roofing Specialists(SI) Ltd
Transform Roofing
Picture Perfect Painting & Decorating
Complete Concrete Cutting NZ
Rotovegas Roofing Limited
Roof Doctors
ZR Decorating Services
Paintvision Ltd
Artisans Roofing
Kings Roofing Wellington | Roof Replacement & Repairs
Cozy Tiling
Capital Painting Services 2022 Ltd
Lungleys Concrete Cutting (2025) Ltd
WE ROOF LTD
Tom Harbour Decorators
Hornet Roofing
Knockout Concrete Cutters
Hayes Masonry
AV Tiling Waikato
Wellington Roof Painting Ltd
DK ROOFING
Adco Roofing Tauranga
Painting and Curtains
Roof It | Wellington
Concrete Boss Ltd.
Freestyle Roofing Limited
RMS Roofing and Waterproofing
Ramon Dings Tiling
Kiwi House Decorators Limited
Precast Concrete
Colorbox Painting & Decorating Ltd
Refresh Painters
Five Star Concrete Limited
Dunners Concrete Contractor Services
Premier Roofing Dunedin
GLG Painting and Decorating Ltd.| Wellington Home Decor
Freeman Roofing Dunedin
DB Tiling
IN-EX PAINTING
Top Cat Roofing
Project Tiling Ltd
Skyline Metal Roofing Auckland
Straight Edge Concrete Limited
Gradient Concrete
Solidcretehb Limited
Wellington Decorators
