Future Energy
Tauranga Glass Ltd
Heat Force Ltd
Carpet Repairs Ltd
Kelly Glass & Mirror
Goldstar Heat Pumps
Climate & Plumbing
Wellington Glass & Mirror
Turfrey Store Hawke's Bay
Sharp Glass
The Flooring Room Tauranga
The Flooring Room Palmerston North
BelAire Designer Fencing
Easy Carpet
Northland Specialty Glass
Proglaze Ltd
Ultra Refrigeration & Air Conditioning Limited
Eco Shine Solar Panel Cleaning - Tauranga
Heat Pump Services Ltd
Premier Heating Ltd
Comfort Solutions
AirControl Hawkes Bay Ltd - Heat Pump Specialists
Wellington Refrigeration Ltd
Summit Refrigeration + Air Conditioning and Heat Pumps
The Floor Store
Glass Inc
A5 Interior Linings - GIB Stopping & GIB Fixing Auckland
The Glass Man
Healthy Homes Taranaki
Hutt City Auto Glass
Gardner's Gardening
Flooring Xtra Tauranga
The Glass Guys
Superheat Electrical and Air-Conditioning
A-Z Flooring
Choices Flooring Hamilton (by Charteris)
Motorhome Solar & Electrical
Colthurst Flooring
Elite Glazing and Glass Auckland
Deans Flooring
Hotspot Fires & Installations Ltd
Greenco Solutions
Rotorua Windscreens - Glass & Repairs
Total Solar
OnCall Repairs
Floor Court Porirua
Richmond Flooring and Tiles - Richmond & Nelson
JP Aircon
Absolute Cool Limited
Nelson Heat Pumps
The Flooring Room Nelson
Beban's Glass 2022 Limited
